mode: set
learn-test-hexa/internal/core/services/notifsrv/notif.go:12.80,16.2 1 1
learn-test-hexa/internal/core/services/notifsrv/notif.go:18.75,22.16 2 1
learn-test-hexa/internal/core/services/notifsrv/notif.go:26.2,26.19 1 1
learn-test-hexa/internal/core/services/notifsrv/notif.go:22.16,24.3 1 1
learn-test-hexa/internal/core/services/notifsrv/notif.go:29.54,32.16 2 1
learn-test-hexa/internal/core/services/notifsrv/notif.go:36.2,36.18 1 1
learn-test-hexa/internal/core/services/notifsrv/notif.go:32.16,34.3 1 1
